<?xml version="1.0" encoding="UTF-8"?>
<!-- Generated by org.testng.reporters.JUnitReportReporter -->
<testsuite hostname="DESKTOP-C3AFTFK" failures="0" tests="1" name="TestClasses.TestRegistration" time="1.819" errors="0" timestamp="2023-02-09T17:02:07 IST" skipped="0">
  <testcase classname="TestClasses.TestRegistration" name="TC001" time="1.819"/>
  <system-out/>
</testsuite> <!-- TestClasses.TestRegistration -->
