<?xml version="1.0" encoding="UTF-8"?>
<!-- Generated by org.testng.reporters.JUnitReportReporter -->
<testsuite hostname="DESKTOP-C3AFTFK" failures="0" tests="1" name="TestClasses.PomT" time="4.502" errors="0" timestamp="2023-02-09T16:26:49 IST" skipped="0">
  <testcase classname="TestClasses.PomT" name="TC001" time="4.502"/>
  <system-out/>
</testsuite> <!-- TestClasses.PomT -->
