<?xml version="1.0" encoding="UTF-8"?>
<!-- Generated by org.testng.reporters.JUnitReportReporter -->
<testsuite hostname="DESKTOP-C3AFTFK" failures="0" tests="1" name="TestClasses.SignupRTest" time="9.047" errors="0" timestamp="2023-02-09T16:13:36 IST" skipped="0">
  <testcase classname="TestClasses.SignupRTest" name="TC01" time="9.047"/>
  <system-out/>
</testsuite> <!-- TestClasses.SignupRTest -->
