<?xml version="1.0" encoding="UTF-8"?>
<!-- Generated by org.testng.reporters.JUnitReportReporter -->
<testsuite hostname="DESKTOP-C3AFTFK" failures="0" tests="1" name="TestClasses.TestFbSignUp" time="4.017" errors="0" timestamp="2023-03-03T20:36:10 IST" skipped="0">
  <testcase classname="TestClasses.TestFbSignUp" name="TestCase" time="4.017"/>
  <system-out/>
</testsuite> <!-- TestClasses.TestFbSignUp -->
